<?xml version="1.0" encoding="UTF-8"?>
<!-- Generated by org.testng.reporters.JUnitReportReporter -->
<testsuite hostname="SUMIT" failures="0" tests="1" name="base_test_Module.Login_Page_Validation" time="5.958" errors="0" timestamp="2022-10-21T14:47:19 IST" skipped="0">
  <testcase classname="base_test_Module.Login_Page_Validation" name="Amazon_Order" time="5.958"/>
  <system-out>
    <![CDATA[On test success Block running]]>
  </system-out>
</testsuite> <!-- base_test_Module.Login_Page_Validation -->
